<?xml version="1.0" encoding="UTF-8"?>
<testng-results ignored="0" total="1" passed="1" failed="0" skipped="0">
  <reporter-output>
  </reporter-output>
  <suite started-at="2021-11-10T20:05:53 IST" name="Suite" finished-at="2021-11-10T20:06:02 IST" duration-ms="8600">
    <groups>
    </groups>
    <test started-at="2021-11-10T20:05:53 IST" name="MarathiMatrimony" finished-at="2021-11-10T20:06:02 IST" duration-ms="8600">
      <class name="com.matrimony.web.testcases.MarathiMatrimony">
        <test-method is-config="true" signature="setRxtentReport()[pri:0, instance:com.matrimony.web.testcases.MarathiMatrimony@647e447]" started-at="2021-11-10T20:05:53 IST" name="setRxtentReport" finished-at="2021-11-10T20:05:53 IST" duration-ms="272" status="PASS">
          <reporter-output>
          </reporter-output>
        </test-method> <!-- setRxtentReport -->
        <test-method is-config="true" signature="setUp()[pri:0, instance:com.matrimony.web.testcases.MarathiMatrimony@647e447]" started-at="2021-11-10T20:05:53 IST" name="setUp" finished-at="2021-11-10T20:05:58 IST" duration-ms="4663" status="PASS">
          <reporter-output>
          </reporter-output>
        </test-method> <!-- setUp -->
        <test-method signature="marathiMatrimony(java.lang.String,java.lang.String,java.lang.String,java.lang.String)[pri:1, instance:com.matrimony.web.testcases.MarathiMatrimony@647e447]" started-at="2021-11-10T20:05:59 IST" name="marathiMatrimony" description="Marathi Matrimony" data-provider="getTestData" finished-at="2021-11-10T20:06:01 IST" duration-ms="2272" status="PASS">
          <params>
            <param index="0">
              <value>
                <![CDATA[test@gmail.com]]>
              </value>
            </param>
            <param index="1">
              <value>
                <![CDATA[Pass]]>
              </value>
            </param>
            <param index="2">
              <value>
                <![CDATA[Self]]>
              </value>
            </param>
            <param index="3">
              <value>
                <![CDATA[male]]>
              </value>
            </param>
          </params>
          <reporter-output>
          </reporter-output>
        </test-method> <!-- marathiMatrimony -->
        <test-method is-config="true" signature="teardownmethod(org.testng.ITestResult)[pri:0, instance:com.matrimony.web.testcases.MarathiMatrimony@647e447]" started-at="2021-11-10T20:06:01 IST" name="teardownmethod" finished-at="2021-11-10T20:06:02 IST" duration-ms="633" status="PASS">
          <params>
            <param index="0">
              <value>
                <![CDATA[[TestResult name=marathiMatrimony status=SUCCESS method=MarathiMatrimony.marathiMatrimony(java.lang.String,java.lang.String,java.lang.String,java.lang.String)[pri:1, instance:com.matrimony.web.testcases.MarathiMatrimony@647e447] output={null}]]]>
              </value>
            </param>
          </params>
          <reporter-output>
          </reporter-output>
        </test-method> <!-- teardownmethod -->
        <test-method is-config="true" signature="tearDown()[pri:0, instance:com.matrimony.web.testcases.MarathiMatrimony@647e447]" started-at="2021-11-10T20:06:02 IST" name="tearDown" finished-at="2021-11-10T20:06:02 IST" duration-ms="235" status="PASS">
          <reporter-output>
          </reporter-output>
        </test-method> <!-- tearDown -->
        <test-method is-config="true" signature="reportTearDown()[pri:0, instance:com.matrimony.web.testcases.MarathiMatrimony@647e447]" started-at="2021-11-10T20:06:02 IST" name="reportTearDown" finished-at="2021-11-10T20:06:02 IST" duration-ms="297" status="PASS">
          <reporter-output>
          </reporter-output>
        </test-method> <!-- reportTearDown -->
      </class> <!-- com.matrimony.web.testcases.MarathiMatrimony -->
    </test> <!-- MarathiMatrimony -->
  </suite> <!-- Suite -->
</testng-results>
